0 info it worked if it ends with ok
1 verbose cli [ '/usr/local/Cellar/node/5.1.0/bin/node',
1 verbose cli   '/usr/local/bin/npm',
1 verbose cli   'run',
1 verbose cli   'test' ]
2 info using npm@3.3.12
3 info using node@v5.1.0
4 verbose run-script [ 'pretest', 'test', 'posttest' ]
5 info lifecycle core@1.0.0~pretest: core@1.0.0
6 silly lifecycle core@1.0.0~pretest: no script for pretest, continuing
7 info lifecycle core@1.0.0~test: core@1.0.0
8 verbose lifecycle core@1.0.0~test: unsafe-perm in lifecycle true
9 verbose lifecycle core@1.0.0~test: PATH: /usr/local/lib/node_modules/npm/bin/node-gyp-bin:/Users/anthonyoneill/Documents/translator/core/node_modules/.bin:/usr/local/bin:/usr/local/bin:/usr/bin:/bin:/usr/sbin:/sbin:/Users/anthonyoneill/Library/Android/sdk/platform-tools:/Users/anthonyoneill/Library/Android/sdk/tools
10 verbose lifecycle core@1.0.0~test: CWD: /Users/anthonyoneill/Documents/translator/core
11 silly lifecycle core@1.0.0~test: Args: [ '-c', 'mocha' ]
12 silly lifecycle core@1.0.0~test: Returned: code: 1  signal: null
13 info lifecycle core@1.0.0~test: Failed to exec test script
14 verbose stack Error: core@1.0.0 test: `mocha`
14 verbose stack Exit status 1
14 verbose stack     at EventEmitter.<anonymous> (/usr/local/lib/node_modules/npm/lib/utils/lifecycle.js:232:16)
14 verbose stack     at emitTwo (events.js:87:13)
14 verbose stack     at EventEmitter.emit (events.js:172:7)
14 verbose stack     at ChildProcess.<anonymous> (/usr/local/lib/node_modules/npm/lib/utils/spawn.js:24:14)
14 verbose stack     at emitTwo (events.js:87:13)
14 verbose stack     at ChildProcess.emit (events.js:172:7)
14 verbose stack     at maybeClose (internal/child_process.js:818:16)
14 verbose stack     at Process.ChildProcess._handle.onexit (internal/child_process.js:211:5)
15 verbose pkgid core@1.0.0
16 verbose cwd /Users/anthonyoneill/Documents/translator/core/src
17 error Darwin 15.0.0
18 error argv "/usr/local/Cellar/node/5.1.0/bin/node" "/usr/local/bin/npm" "run" "test"
19 error node v5.1.0
20 error npm  v3.3.12
21 error code ELIFECYCLE
22 error core@1.0.0 test: `mocha`
22 error Exit status 1
23 error Failed at the core@1.0.0 test script 'mocha'.
23 error Make sure you have the latest version of node.js and npm installed.
23 error If you do, this is most likely a problem with the core package,
23 error not with npm itself.
23 error Tell the author that this fails on your system:
23 error     mocha
23 error You can get their info via:
23 error     npm owner ls core
23 error There is likely additional logging output above.
24 verbose exit [ 1, true ]
